2023-04-11 21:43:58 INFO  TC_LoginTestCase_001:21 - ========= Login Test case execution started ======= 
 2023-04-11 21:43:59 INFO  TC_LoginTestCase_001:23 - ========= Login Test case execution completed ===== 
 2023-04-12 22:39:43 INFO  TC_LoginTestCase_001:21 - ========= Login Test case execution started ======= 
 2023-04-12 22:39:43 INFO  TC_LoginTestCase_001:23 - ========= Login Test case execution completed ===== 
 2023-04-12 23:14:49 INFO  TC_LoginTestCase_001:21 - ========= Login Test case execution started ======= 
 2023-04-12 23:14:50 INFO  TC_LoginTestCase_001:23 - ========= Login Test case execution completed ===== 
 2023-04-12 23:14:50 INFO  TC_TriggerSearch_002:43 - ===== Trigger search test is begin  =====
 2023-04-14 14:21:31 INFO  TC_LoginTestCase_001:21 - ========= Login Test case execution started ======= 
 2023-04-14 14:21:32 INFO  TC_LoginTestCase_001:23 - ========= Login Test case execution completed ===== 
 2023-04-14 14:21:32 INFO  TC_TriggerSearch_002:43 - ===== Trigger search test is begin  =====
 2023-04-14 14:23:00 INFO  TC_LoginTestCase_001:21 - ========= Login Test case execution started ======= 
 2023-04-14 14:23:00 INFO  TC_LoginTestCase_001:23 - ========= Login Test case execution completed ===== 
 2023-04-14 14:23:00 INFO  TC_TriggerSearch_002:43 - ===== Trigger search test is begin  =====
 2023-04-14 14:24:21 INFO  TC_LoginTestCase_001:21 - ========= Login Test case execution started ======= 
 2023-04-14 14:24:22 INFO  TC_LoginTestCase_001:23 - ========= Login Test case execution completed ===== 
 2023-04-14 14:24:22 INFO  TC_TriggerSearch_002:43 - ===== Trigger search test is begin  =====
 2023-04-14 14:25:54 INFO  TC_LoginTestCase_001:21 - ========= Login Test case execution started ======= 
 2023-04-14 14:25:54 INFO  TC_LoginTestCase_001:23 - ========= Login Test case execution completed ===== 
 2023-04-14 14:25:54 INFO  TC_TriggerSearch_002:43 - ===== Trigger search test is begin  =====
 2023-04-14 14:26:06 INFO  TC_TriggerSearch_002:37 - Actual Trigger Code : 440ExpectedTrigger Code :440
 2023-04-14 14:26:06 INFO  TC_TriggerSearch_002:45 - ===== Trigger search test is completed ==
 2023-04-14 14:28:52 INFO  TC_LoginTestCase_001:21 - ========= Login Test case execution started ======= 
 2023-04-14 14:28:52 INFO  TC_LoginTestCase_001:23 - ========= Login Test case execution completed ===== 
 2023-04-14 14:28:52 INFO  TC_TriggerSearch_002:43 - ===== Trigger search test is begin  =====
 2023-04-15 22:35:41 INFO  TC_LoginTestCase_001:21 - ========= Login Test case execution started ======= 
 2023-04-15 22:35:42 INFO  TC_LoginTestCase_001:23 - ========= Login Test case execution completed ===== 
 2023-04-15 22:35:42 INFO  TC_TriggerSearch_002:43 - ===== Trigger search test is begin  =====
 2023-04-15 22:35:58 INFO  TC_TriggerSearch_002:37 - Actual Trigger Code : 440 ExpectedTrigger Code :440
 2023-04-15 22:35:58 INFO  TC_TriggerSearch_002:45 - ===== Trigger search test is completed ==
 2023-04-15 22:46:16 INFO  TC_LoginTestCase_001:21 - ========= Login Test case execution started ======= 
 2023-04-15 22:46:16 INFO  TC_LoginTestCase_001:23 - ========= Login Test case execution completed ===== 
 2023-04-15 22:46:16 INFO  TC_TriggerSearch_002:43 - ===== Trigger search test is begin  =====
 2023-04-15 22:46:33 INFO  TC_TriggerSearch_002:37 - Actual Trigger Code : 440 ExpectedTrigger Code :440
 2023-04-15 22:46:33 INFO  TC_TriggerSearch_002:45 - ===== Trigger search test is completed ==
 2023-04-15 23:52:51 INFO  TC_LoginTestCase_001:21 - ========= Login Test case execution started ======= 
 2023-04-15 23:52:52 INFO  TC_LoginTestCase_001:23 - ========= Login Test case execution completed ===== 
 2023-04-15 23:52:52 INFO  TC_TriggerSearch_002:43 - ===== Trigger search test is begin  =====
 2023-04-15 23:53:06 INFO  TC_TriggerSearch_002:37 - Actual Trigger Code : 440 ExpectedTrigger Code :440
 2023-04-15 23:53:06 INFO  TC_TriggerSearch_002:45 - ===== Trigger search test is completed ==
 2023-04-16 00:13:37 INFO  TC_LoginTestCase_001:21 - ========= Login Test case execution started ======= 
 2023-04-16 00:13:37 INFO  TC_LoginTestCase_001:23 - ========= Login Test case execution completed ===== 
 2023-04-16 00:13:37 INFO  TC_TriggerSearch_002:43 - ===== Trigger search test is begin  =====
 2023-04-16 00:13:52 INFO  TC_TriggerSearch_002:37 - Actual Trigger Code : 440 ExpectedTrigger Code :440
 2023-04-16 00:13:52 INFO  TC_TriggerSearch_002:45 - ===== Trigger search test is completed ==
 2023-04-16 00:23:55 INFO  TC_LoginTestCase_001:21 - ========= Login Test case execution started ======= 
 2023-04-16 00:23:55 INFO  TC_LoginTestCase_001:23 - ========= Login Test case execution completed ===== 
 2023-04-16 00:23:55 INFO  TC_TriggerSearch_002:43 - ===== Trigger search test is begin  =====
 2023-04-16 00:24:15 INFO  TC_TriggerSearch_002:37 - Actual Trigger Code : 440 ExpectedTrigger Code :440
 2023-04-16 00:24:15 INFO  TC_TriggerSearch_002:45 - ===== Trigger search test is completed ==
 2023-04-16 00:24:15 INFO  TC_TriggerAdd_002:26 - =====================================================
 2023-04-16 00:24:15 INFO  TC_TriggerAdd_002:27 - ==== Trigger Add test Case execution is begin    ====
 2023-04-16 00:24:15 INFO  TC_TriggerAdd_002:29 - Trigger Add button is clicked
 2023-04-16 00:24:16 INFO  TC_TriggerAdd_002:31 - TriggerName is entered : SELENIUM_ADD_TRIG_2023
 2023-04-16 00:24:20 INFO  TC_TriggerAdd_002:48 - ==== Trigger Add test Case execution is completed ===
 2023-04-16 00:24:20 INFO  TC_TriggerAdd_002:49 - =====================================================
 2023-04-16 00:24:20 INFO  TC_TriggerAdd_002:57 - =====================================================
 2023-04-16 00:24:21 INFO  TC_TriggerAdd_002:62 - Trigger name is entered to search for the last run 
 2023-04-16 00:24:21 INFO  TC_TriggerAdd_002:63 - ====     ====
 2023-04-16 00:25:17 INFO  TC_LoginTestCase_001:21 - ========= Login Test case execution started ======= 
 2023-04-16 00:25:17 INFO  TC_LoginTestCase_001:23 - ========= Login Test case execution completed ===== 
 2023-04-16 00:25:17 INFO  TC_TriggerSearch_002:43 - ===== Trigger search test is begin  =====
 2023-04-16 00:25:30 INFO  TC_TriggerSearch_002:37 - Actual Trigger Code : 440 ExpectedTrigger Code :440
 2023-04-16 00:25:30 INFO  TC_TriggerSearch_002:45 - ===== Trigger search test is completed ==
 2023-04-16 00:25:30 INFO  TC_TriggerAdd_002:26 - =====================================================
 2023-04-16 00:25:30 INFO  TC_TriggerAdd_002:27 - ==== Trigger Add test Case execution is begin    ====
 2023-04-16 00:25:30 INFO  TC_TriggerAdd_002:29 - Trigger Add button is clicked
 2023-04-16 00:25:31 INFO  TC_TriggerAdd_002:31 - TriggerName is entered : SELENIUM_ADD_TRIG_2023_2507
 2023-04-16 00:25:36 INFO  TC_TriggerAdd_002:48 - ==== Trigger Add test Case execution is completed ===
 2023-04-16 00:25:36 INFO  TC_TriggerAdd_002:49 - =====================================================
 2023-04-16 00:25:36 INFO  TC_TriggerAdd_002:57 - =====================================================
 2023-04-16 00:25:36 INFO  TC_TriggerAdd_002:62 - Trigger name is entered to search for the last run 
 2023-04-16 00:25:36 INFO  TC_TriggerAdd_002:63 - ====     ====
 2023-04-16 01:03:12 INFO  TC_LoginTestCase_001:21 - ========= Login Test case execution started ======= 
 2023-04-16 01:03:12 INFO  TC_LoginTestCase_001:23 - ========= Login Test case execution completed ===== 
 2023-04-16 01:03:13 INFO  TC_TriggerSearch_002:43 - ===== Trigger search test is begin  =====
 2023-04-16 01:03:29 INFO  TC_TriggerSearch_002:37 - Actual Trigger Code : 440 ExpectedTrigger Code :440
 2023-04-16 01:03:29 INFO  TC_TriggerSearch_002:45 - ===== Trigger search test is completed ==
 2023-04-16 01:03:29 INFO  TC_TriggerAdd_002:26 - =====================================================
 2023-04-16 01:03:29 INFO  TC_TriggerAdd_002:27 - ==== Trigger Add test Case execution is begin    ====
 2023-04-16 01:03:29 INFO  TC_TriggerAdd_002:29 - Trigger Add button is clicked
 2023-04-16 01:03:30 INFO  TC_TriggerAdd_002:31 - TriggerName is entered : SELENIUM_ADD_TRIG_2023_2507
 2023-04-16 01:03:36 INFO  TC_TriggerAdd_002:48 - ==== Trigger Add test Case execution is completed ===
 2023-04-16 01:03:36 INFO  TC_TriggerAdd_002:49 - =====================================================
 2023-04-16 01:03:36 INFO  TC_TriggerAdd_002:57 - =====================================================
 2023-04-16 01:03:37 INFO  TC_TriggerAdd_002:62 - Trigger name is entered to search for the last run 
 2023-04-16 01:03:37 INFO  TC_TriggerAdd_002:63 - ====     ====
 2023-04-16 01:12:32 INFO  TC_LoginTestCase_001:21 - ========= Login Test case execution started ======= 
 2023-04-16 01:12:32 INFO  TC_LoginTestCase_001:23 - ========= Login Test case execution completed ===== 
 2023-04-16 01:12:33 INFO  TC_TriggerSearch_002:49 - ===== Trigger search test is begin  =====
 2023-04-16 01:12:51 INFO  TC_TriggerSearch_002:43 - Actual Trigger Code : 440 ExpectedTrigger Code :440
 2023-04-16 01:12:51 INFO  TC_TriggerSearch_002:51 - ===== Trigger search test is completed ==
 2023-04-16 01:12:51 INFO  TC_TriggerAdd_002:31 - =====================================================
 2023-04-16 01:12:51 INFO  TC_TriggerAdd_002:32 - ==== Trigger Add test Case execution is begin    ====
 2023-04-16 01:12:51 INFO  TC_TriggerAdd_002:34 - Trigger Add button is clicked
 2023-04-16 01:12:52 INFO  TC_TriggerAdd_002:36 - TriggerName is entered : SELENIUM_ADD_TRIG_2023_01
 2023-04-16 01:12:57 INFO  TC_TriggerAdd_002:53 - ==== Trigger Add test Case execution is completed ===
 2023-04-16 01:12:57 INFO  TC_TriggerAdd_002:54 - =====================================================
 2023-04-16 01:12:57 INFO  TC_TriggerAdd_002:68 - =====================================================
 2023-04-16 01:12:57 INFO  TC_TriggerAdd_002:73 - Trigger name is entered to search for the last run 
 2023-04-16 01:12:57 INFO  TC_TriggerAdd_002:74 - ====     ====
 2023-04-16 21:21:35 INFO  TC_LoginTestCase_001:21 - ========= Login Test case execution started ======= 
 2023-04-16 21:21:35 INFO  TC_LoginTestCase_001:23 - ========= Login Test case execution completed ===== 
 2023-04-16 21:21:35 INFO  TC_TriggerSearch_002:49 - ===== Trigger search test is begin  =====
 2023-04-16 21:21:48 INFO  TC_TriggerSearch_002:43 - Actual Trigger Code : 440 ExpectedTrigger Code :440
 2023-04-16 21:21:48 INFO  TC_TriggerSearch_002:51 - ===== Trigger search test is completed ==
 2023-04-16 21:21:48 INFO  TC_TriggerAdd_002:31 - =====================================================
 2023-04-16 21:21:48 INFO  TC_TriggerAdd_002:32 - ==== Trigger Add test Case execution is begin    ====
 2023-04-16 21:21:48 INFO  TC_TriggerAdd_002:34 - Trigger Add button is clicked
 2023-04-16 21:21:49 INFO  TC_TriggerAdd_002:36 - TriggerName is entered : SELENIUM_ADD_TRIG_2023_01
 2023-04-16 21:21:54 INFO  TC_TriggerAdd_002:53 - ==== Trigger Add test Case execution is completed ===
 2023-04-16 21:21:54 INFO  TC_TriggerAdd_002:54 - =====================================================
 2023-04-16 21:21:54 INFO  TC_TriggerAdd_002:68 - =====================================================
 2023-04-16 21:21:54 INFO  TC_TriggerAdd_002:73 - Trigger name is entered to search for the last run 
 2023-04-16 21:21:54 INFO  TC_TriggerAdd_002:74 - ====     ====
 2023-04-30 18:20:50 INFO  TC_LoginTestCase_001:21 - ========= Login Test case execution started ======= 
 2023-04-30 18:20:51 INFO  TC_LoginTestCase_001:23 - ========= Login Test case execution completed ===== 
 2023-04-30 18:20:51 INFO  TC_TriggerSearch_002:49 - ===== Trigger search test is begin  =====
 2023-04-30 18:21:22 INFO  TC_TriggerAdd_002:31 - =====================================================
 2023-04-30 18:21:22 INFO  TC_TriggerAdd_002:32 - ==== Trigger Add test Case execution is begin    ====
 2023-04-30 18:21:22 INFO  TC_TriggerAdd_002:34 - Trigger Add button is clicked
 2023-04-30 18:21:25 INFO  TC_TriggerAdd_002:36 - TriggerName is entered : SELENIUM_ADD_TRIG_2023_02
 2023-04-30 18:21:34 INFO  TC_TriggerAdd_002:53 - ==== Trigger Add test Case execution is completed ===
 2023-04-30 18:21:34 INFO  TC_TriggerAdd_002:54 - =====================================================
 2023-04-30 18:21:34 INFO  TC_TriggerAdd_002:68 - =====================================================
 2023-04-30 18:21:35 INFO  TC_TriggerAdd_002:73 - Trigger name is entered to search for the last run 
 2023-04-30 18:21:35 INFO  TC_TriggerAdd_002:74 - ====     ====
 2023-04-30 18:36:37 INFO  TC_LoginTestCase_001:21 - ========= Login Test case execution started ======= 
 2023-04-30 18:36:37 INFO  TC_LoginTestCase_001:23 - ========= Login Test case execution completed ===== 
 2023-04-30 18:36:37 INFO  TC_TriggerSearch_002:49 - ===== Trigger search test is begin  =====
 2023-04-30 18:37:14 INFO  TC_TriggerSearch_002:43 - Actual Trigger Code : 440 ExpectedTrigger Code :440
 2023-04-30 18:37:14 INFO  TC_TriggerSearch_002:51 - ===== Trigger search test is completed ==
 2023-04-30 18:37:14 INFO  TC_TriggerAdd_002:31 - =====================================================
 2023-04-30 18:37:14 INFO  TC_TriggerAdd_002:32 - ==== Trigger Add test Case execution is begin    ====
 2023-04-30 18:37:15 INFO  TC_TriggerAdd_002:34 - Trigger Add button is clicked
 2023-04-30 18:37:16 INFO  TC_TriggerAdd_002:36 - TriggerName is entered : SELENIUM_ADD_TRIG_2023_02
 2023-04-30 18:37:24 INFO  TC_TriggerAdd_002:53 - ==== Trigger Add test Case execution is completed ===
 2023-04-30 18:37:24 INFO  TC_TriggerAdd_002:54 - =====================================================
 2023-04-30 18:37:24 INFO  TC_TriggerAdd_002:68 - =====================================================
 2023-04-30 18:37:25 INFO  TC_TriggerAdd_002:73 - Trigger name is entered to search for the last run 
 2023-04-30 18:37:25 INFO  TC_TriggerAdd_002:74 - ====     ====
 2023-04-30 19:06:02 INFO  TC_LoginTestCase_001:21 - ========= Login Test case execution started ======= 
 2023-04-30 19:06:03 INFO  TC_LoginTestCase_001:23 - ========= Login Test case execution completed ===== 
 2023-04-30 19:06:03 INFO  TC_TriggerSearch_002:49 - ===== Trigger search test is begin  =====
 2023-04-30 19:06:59 INFO  TC_TriggerSearch_002:43 - Actual Trigger Code : 440 ExpectedTrigger Code :440
 2023-04-30 19:06:59 INFO  TC_TriggerSearch_002:51 - ===== Trigger search test is completed ==
 2023-04-30 19:07:00 INFO  TC_TriggerAdd_002:31 - =====================================================
 2023-04-30 19:07:00 INFO  TC_TriggerAdd_002:32 - ==== Trigger Add test Case execution is begin    ====
 2023-04-30 19:07:00 INFO  TC_TriggerAdd_002:34 - Trigger Add button is clicked
 2023-04-30 19:07:01 INFO  TC_TriggerAdd_002:36 - TriggerName is entered : SELENIUM_ADD_TRIG_2023_04_30
 2023-04-30 19:07:08 INFO  TC_TriggerAdd_002:53 - ==== Trigger Add test Case execution is completed ===
 2023-04-30 19:07:08 INFO  TC_TriggerAdd_002:54 - =====================================================
 2023-04-30 19:07:09 INFO  TC_TriggerAdd_002:68 - =====================================================
 2023-04-30 19:07:10 INFO  TC_TriggerAdd_002:73 - Trigger name is entered to search for the last run 
 2023-04-30 19:07:10 INFO  TC_TriggerAdd_002:74 - ====     ====
 2023-04-30 19:10:08 INFO  TC_LoginTestCase_001:21 - ========= Login Test case execution started ======= 
 2023-04-30 19:10:08 INFO  TC_LoginTestCase_001:23 - ========= Login Test case execution completed ===== 
 2023-04-30 19:10:09 INFO  TC_TriggerSearch_002:49 - ===== Trigger search test is begin  =====
 2023-04-30 19:10:40 INFO  TC_TriggerSearch_002:43 - Actual Trigger Code : 440 ExpectedTrigger Code :440
 2023-04-30 19:10:40 INFO  TC_TriggerSearch_002:51 - ===== Trigger search test is completed ==
 2023-04-30 19:10:40 INFO  TC_TriggerAdd_002:31 - =====================================================
 2023-04-30 19:10:40 INFO  TC_TriggerAdd_002:32 - ==== Trigger Add test Case execution is begin    ====
 2023-04-30 19:10:40 INFO  TC_TriggerAdd_002:34 - Trigger Add button is clicked
 2023-04-30 19:10:42 INFO  TC_TriggerAdd_002:36 - TriggerName is entered : SELENIUM_ADD_TRIG_2023_04_30
 2023-04-30 19:10:50 INFO  TC_TriggerAdd_002:53 - ==== Trigger Add test Case execution is completed ===
 2023-04-30 19:10:50 INFO  TC_TriggerAdd_002:54 - =====================================================
 2023-04-30 19:10:50 INFO  TC_TriggerAdd_002:68 - =====================================================
 2023-04-30 19:10:52 INFO  TC_TriggerAdd_002:73 - Trigger name is entered to search for the last run 
 2023-04-30 19:10:52 INFO  TC_TriggerAdd_002:74 - ====     ====
 2023-04-30 19:12:46 INFO  TC_LoginTestCase_001:21 - ========= Login Test case execution started ======= 
 2023-04-30 19:12:46 INFO  TC_LoginTestCase_001:23 - ========= Login Test case execution completed ===== 
 2023-04-30 19:12:46 INFO  TC_TriggerSearch_002:49 - ===== Trigger search test is begin  =====
 2023-04-30 19:15:28 INFO  TC_TriggerSearch_002:43 - Actual Trigger Code : 440 ExpectedTrigger Code :440
 2023-04-30 19:15:28 INFO  TC_TriggerSearch_002:51 - ===== Trigger search test is completed ==
 2023-04-30 19:15:29 INFO  TC_TriggerAdd_002:31 - =====================================================
 2023-04-30 19:15:29 INFO  TC_TriggerAdd_002:32 - ==== Trigger Add test Case execution is begin    ====
 2023-04-30 19:15:29 INFO  TC_TriggerAdd_002:34 - Trigger Add button is clicked
 2023-04-30 19:15:31 INFO  TC_TriggerAdd_002:36 - TriggerName is entered : SELENIUM_ADD_TRIG_2023_04_30_01
 2023-04-30 19:15:38 INFO  TC_TriggerAdd_002:53 - ==== Trigger Add test Case execution is completed ===
 2023-04-30 19:15:38 INFO  TC_TriggerAdd_002:54 - =====================================================
 2023-04-30 19:15:39 INFO  TC_TriggerAdd_002:68 - =====================================================
 2023-04-30 19:15:40 INFO  TC_TriggerAdd_002:73 - Trigger name is entered to search for the last run 
 2023-04-30 19:15:40 INFO  TC_TriggerAdd_002:74 - ====     ====
 2023-04-30 19:18:01 INFO  TC_LoginTestCase_001:21 - ========= Login Test case execution started ======= 
 2023-04-30 19:18:01 INFO  TC_LoginTestCase_001:23 - ========= Login Test case execution completed ===== 
 2023-04-30 19:18:01 INFO  TC_TriggerSearch_002:49 - ===== Trigger search test is begin  =====
 2023-04-30 19:18:11 INFO  TC_TriggerAdd_002:31 - =====================================================
 2023-04-30 19:18:11 INFO  TC_TriggerAdd_002:32 - ==== Trigger Add test Case execution is begin    ====
 2023-04-30 19:21:27 INFO  TC_LoginTestCase_001:21 - ========= Login Test case execution started ======= 
 2023-04-30 19:21:28 INFO  TC_LoginTestCase_001:23 - ========= Login Test case execution completed ===== 
 2023-04-30 19:21:28 INFO  TC_TriggerSearch_002:49 - ===== Trigger search test is begin  =====
 2023-04-30 19:22:50 INFO  TC_TriggerSearch_002:43 - Actual Trigger Code : 440 ExpectedTrigger Code :440
 2023-04-30 19:22:50 INFO  TC_TriggerSearch_002:51 - ===== Trigger search test is completed ==
 2023-04-30 19:22:50 INFO  TC_TriggerAdd_002:31 - =====================================================
 2023-04-30 19:22:50 INFO  TC_TriggerAdd_002:32 - ==== Trigger Add test Case execution is begin    ====
 2023-04-30 19:22:50 INFO  TC_TriggerAdd_002:34 - Trigger Add button is clicked
 2023-04-30 19:22:53 INFO  TC_TriggerAdd_002:36 - TriggerName is entered : SELENIUM_ADD_TRIG_2023_04_30_01
 2023-04-30 19:23:05 INFO  TC_TriggerAdd_002:53 - ==== Trigger Add test Case execution is completed ===
 2023-04-30 19:23:05 INFO  TC_TriggerAdd_002:54 - =====================================================
 2023-04-30 19:23:05 INFO  TC_TriggerAdd_002:68 - =====================================================
 2023-04-30 19:23:06 INFO  TC_TriggerAdd_002:73 - Trigger name is entered to search for the last run 
 2023-04-30 19:23:06 INFO  TC_TriggerAdd_002:74 - ====     ====
 2023-04-30 19:25:34 INFO  TC_LoginTestCase_001:21 - ========= Login Test case execution started ======= 
 2023-04-30 19:25:34 INFO  TC_LoginTestCase_001:23 - ========= Login Test case execution completed ===== 
 2023-04-30 19:25:35 INFO  TC_TriggerSearch_002:49 - ===== Trigger search test is begin  =====
 2023-04-30 19:26:11 INFO  TC_TriggerSearch_002:43 - Actual Trigger Code : 440 ExpectedTrigger Code :440
 2023-04-30 19:26:11 INFO  TC_TriggerSearch_002:51 - ===== Trigger search test is completed ==
 2023-04-30 19:26:11 INFO  TC_TriggerAdd_002:31 - =====================================================
 2023-04-30 19:26:11 INFO  TC_TriggerAdd_002:32 - ==== Trigger Add test Case execution is begin    ====
 2023-04-30 19:26:12 INFO  TC_TriggerAdd_002:34 - Trigger Add button is clicked
 2023-04-30 19:26:14 INFO  TC_TriggerAdd_002:36 - TriggerName is entered : SELENIUM_ADD_TRIG_2023_04_30_01
 2023-04-30 19:26:24 INFO  TC_TriggerAdd_002:53 - ==== Trigger Add test Case execution is completed ===
 2023-04-30 19:26:24 INFO  TC_TriggerAdd_002:54 - =====================================================
 2023-04-30 19:26:24 INFO  TC_TriggerAdd_002:68 - =====================================================
 2023-04-30 19:26:25 INFO  TC_TriggerAdd_002:73 - Trigger name is entered to search for the last run 
 2023-04-30 19:26:25 INFO  TC_TriggerAdd_002:74 - ====     ====
 2023-04-30 19:32:46 INFO  TC_LoginTestCase_001:21 - ========= Login Test case execution started ======= 
 2023-04-30 19:32:46 INFO  TC_LoginTestCase_001:23 - ========= Login Test case execution completed ===== 
 2023-04-30 19:32:46 INFO  TC_TriggerSearch_002:49 - ===== Trigger search test is begin  =====
 2023-04-30 19:33:18 INFO  TC_TriggerSearch_002:43 - Actual Trigger Code : 440 ExpectedTrigger Code :440
 2023-04-30 19:33:18 INFO  TC_TriggerSearch_002:51 - ===== Trigger search test is completed ==
 2023-04-30 19:33:19 INFO  TC_TriggerAdd_002:31 - =====================================================
 2023-04-30 19:33:19 INFO  TC_TriggerAdd_002:32 - ==== Trigger Add test Case execution is begin    ====
 2023-04-30 19:33:19 INFO  TC_TriggerAdd_002:34 - Trigger Add button is clicked
 2023-04-30 19:33:21 INFO  TC_TriggerAdd_002:36 - TriggerName is entered : SELENIUM_ADD_TRIG_2023_04_30_01
 2023-04-30 19:33:29 INFO  TC_TriggerAdd_002:53 - ==== Trigger Add test Case execution is completed ===
 2023-04-30 19:33:29 INFO  TC_TriggerAdd_002:54 - =====================================================
 2023-04-30 19:33:29 INFO  TC_TriggerAdd_002:68 - =====================================================
 2023-04-30 19:33:30 INFO  TC_TriggerAdd_002:73 - Trigger name is entered to search for the last run 
 2023-04-30 19:33:30 INFO  TC_TriggerAdd_002:74 - ====     ====
 2023-05-02 18:31:51 INFO  TC_LoginTestCase_001:21 - ========= Login Test case execution started ======= 
 2023-05-02 18:31:52 INFO  TC_LoginTestCase_001:23 - ========= Login Test case execution completed ===== 
 2023-05-02 18:31:52 INFO  TC_TriggerSearch_002:49 - ===== Trigger search test is begin  =====
 2023-05-02 18:33:01 INFO  TC_TriggerSearch_002:43 - Actual Trigger Code : 440 ExpectedTrigger Code :440
 2023-05-02 18:33:01 INFO  TC_TriggerSearch_002:51 - ===== Trigger search test is completed ==
 2023-05-02 18:33:02 INFO  TC_TriggerAdd_002:31 - =====================================================
 2023-05-02 18:33:02 INFO  TC_TriggerAdd_002:32 - ==== Trigger Add test Case execution is begin    ====
 2023-05-02 18:33:02 INFO  TC_TriggerAdd_002:34 - Trigger Add button is clicked
 2023-05-02 18:33:04 INFO  TC_TriggerAdd_002:36 - TriggerName is entered : SELENIUM_ADD_TRIG_2023_04_30_01
 2023-05-02 18:33:11 INFO  TC_TriggerAdd_002:53 - ==== Trigger Add test Case execution is completed ===
 2023-05-02 18:33:11 INFO  TC_TriggerAdd_002:54 - =====================================================
 2023-05-02 18:33:12 INFO  TC_TriggerAdd_002:68 - =====================================================
 2023-05-02 18:33:12 INFO  TC_TriggerAdd_002:73 - Trigger name is entered to search for the last run 
 2023-05-02 18:33:12 INFO  TC_TriggerAdd_002:74 - ====     ====
 2023-05-02 18:49:08 INFO  TC_LoginTestCase_001:21 - ========= Login Test case execution started ======= 
 2023-05-02 18:49:08 INFO  TC_LoginTestCase_001:23 - ========= Login Test case execution completed ===== 
 2023-05-02 18:49:09 INFO  TC_TriggerSearch_002:49 - ===== Trigger search test is begin  =====
 2023-05-02 18:49:39 INFO  TC_TriggerSearch_002:43 - Actual Trigger Code : 440 ExpectedTrigger Code :440
 2023-05-02 18:49:39 INFO  TC_TriggerSearch_002:51 - ===== Trigger search test is completed ==
 2023-05-02 18:49:39 INFO  TC_TriggerAdd_002:31 - =====================================================
 2023-05-02 18:49:39 INFO  TC_TriggerAdd_002:32 - ==== Trigger Add test Case execution is begin    ====
 2023-05-02 18:49:39 INFO  TC_TriggerAdd_002:34 - Trigger Add button is clicked
 2023-05-02 18:49:42 INFO  TC_TriggerAdd_002:36 - TriggerName is entered : SELENIUM_ADD_TRIG_2023_05_01
 2023-05-02 18:49:48 INFO  TC_TriggerAdd_002:53 - ==== Trigger Add test Case execution is completed ===
 2023-05-02 18:49:48 INFO  TC_TriggerAdd_002:54 - =====================================================
 2023-05-02 18:49:48 INFO  TC_TriggerAdd_002:68 - =====================================================
 2023-05-02 18:49:49 INFO  TC_TriggerAdd_002:73 - Trigger name is entered to search for the last run 
 2023-05-02 18:49:49 INFO  TC_TriggerAdd_002:74 - ====     ====
 2023-05-02 19:05:03 INFO  TC_LoginTestCase_001:21 - ========= Login Test case execution started ======= 
 2023-05-02 19:05:04 INFO  TC_LoginTestCase_001:23 - ========= Login Test case execution completed ===== 
 2023-05-02 19:05:04 INFO  TC_TriggerSearch_002:49 - ===== Trigger search test is begin  =====
 2023-05-02 19:05:39 INFO  TC_TriggerSearch_002:43 - Actual Trigger Code : 440 ExpectedTrigger Code :440
 2023-05-02 19:05:39 INFO  TC_TriggerSearch_002:51 - ===== Trigger search test is completed ==
 2023-05-02 19:05:40 INFO  TC_TriggerAdd_002:31 - =====================================================
 2023-05-02 19:05:40 INFO  TC_TriggerAdd_002:32 - ==== Trigger Add test Case execution is begin    ====
 2023-05-02 19:05:40 INFO  TC_TriggerAdd_002:34 - Trigger Add button is clicked
 2023-05-02 19:05:41 INFO  TC_TriggerAdd_002:36 - TriggerName is entered : SELENIUM_ADD_TRIG_2023_05_02
 2023-05-02 19:05:48 INFO  TC_TriggerAdd_002:53 - ==== Trigger Add test Case execution is completed ===
 2023-05-02 19:05:48 INFO  TC_TriggerAdd_002:54 - =====================================================
 2023-05-02 19:05:48 INFO  TC_TriggerAdd_002:68 - =====================================================
 2023-05-02 19:05:49 INFO  TC_TriggerAdd_002:73 - Trigger name is entered to search for the last run 
 2023-05-02 19:05:49 INFO  TC_TriggerAdd_002:74 - ====     ====
 2023-05-02 19:10:54 INFO  TC_LoginTestCase_001:21 - ========= Login Test case execution started ======= 
 2023-05-02 19:10:55 INFO  TC_LoginTestCase_001:23 - ========= Login Test case execution completed ===== 
 2023-05-02 19:10:55 INFO  TC_TriggerSearch_002:49 - ===== Trigger search test is begin  =====
 2023-05-02 19:11:06 INFO  TC_TriggerAdd_002:31 - =====================================================
 2023-05-02 19:11:06 INFO  TC_TriggerAdd_002:32 - ==== Trigger Add test Case execution is begin    ====
 2023-05-02 19:13:22 INFO  TC_LoginTestCase_001:21 - ========= Login Test case execution started ======= 
 2023-05-02 19:13:23 INFO  TC_LoginTestCase_001:23 - ========= Login Test case execution completed ===== 
 2023-05-02 19:13:23 INFO  TC_TriggerSearch_002:49 - ===== Trigger search test is begin  =====
 2023-05-02 19:16:23 INFO  TC_TriggerAdd_002:31 - =====================================================
 2023-05-02 19:16:23 INFO  TC_TriggerAdd_002:32 - ==== Trigger Add test Case execution is begin    ====
 2023-05-03 15:22:15 INFO  TC_LoginTestCase_001:21 - ========= Login Test case execution started ======= 
 2023-05-03 15:22:16 INFO  TC_LoginTestCase_001:23 - ========= Login Test case execution completed ===== 
 2023-05-03 15:22:16 INFO  TC_TriggerSearch_002:49 - ===== Trigger search test is begin  =====
 2023-05-03 15:22:46 INFO  TC_TriggerSearch_002:43 - Actual Trigger Code : 440 ExpectedTrigger Code :440
 2023-05-03 15:22:46 INFO  TC_TriggerSearch_002:51 - ===== Trigger search test is completed ==
 2023-05-03 15:22:47 INFO  TC_TriggerAdd_002:31 - =====================================================
 2023-05-03 15:22:47 INFO  TC_TriggerAdd_002:32 - ==== Trigger Add test Case execution is begin    ====
 2023-05-03 15:22:47 INFO  TC_TriggerAdd_002:34 - Trigger Add button is clicked
 2023-05-03 15:22:49 INFO  TC_TriggerAdd_002:36 - TriggerName is entered : SELENIUM_ADD_TRIG_2023_05_03
 2023-05-03 15:22:57 INFO  TC_TriggerAdd_002:53 - ==== Trigger Add test Case execution is completed ===
 2023-05-03 15:22:57 INFO  TC_TriggerAdd_002:54 - =====================================================
 2023-05-03 15:22:57 INFO  TC_TriggerAdd_002:68 - =====================================================
 2023-05-03 15:22:59 INFO  TC_TriggerAdd_002:73 - Trigger name is entered to search for the last run 
 2023-05-03 15:22:59 INFO  TC_TriggerAdd_002:74 - ====     ====
 